0 info it worked if it ends with ok
1 verbose cli [ 'node', '/usr/local/bin/npm', 'install' ]
2 info using npm@1.4.28
3 info using node@v0.10.33
4 verbose readDependencies using package.json deps
5 verbose install where, deps [ '/Users/dhinesh/Dropbox/UB/dev/nodejs/youspan',
5 verbose install   [ 'body-parser',
5 verbose install     'cookie-parser',
5 verbose install     'debug',
5 verbose install     'express',
5 verbose install     'hjs',
5 verbose install     'less-middleware',
5 verbose install     'morgan',
5 verbose install     'serve-favicon' ] ]
6 info preinstall youspan@0.0.0
7 verbose readDependencies using package.json deps
8 verbose cache add [ 'body-parser@~1.12.0', null ]
9 verbose cache add name=undefined spec="body-parser@~1.12.0" args=["body-parser@~1.12.0",null]
10 verbose parsed url { protocol: null,
10 verbose parsed url   slashes: null,
10 verbose parsed url   auth: null,
10 verbose parsed url   host: null,
10 verbose parsed url   port: null,
10 verbose parsed url   hostname: null,
10 verbose parsed url   hash: null,
10 verbose parsed url   search: null,
10 verbose parsed url   query: null,
10 verbose parsed url   pathname: 'body-parser@~1.12.0',
10 verbose parsed url   path: 'body-parser@~1.12.0',
10 verbose parsed url   href: 'body-parser@~1.12.0' }
11 verbose cache add [ 'cookie-parser@~1.3.4', null ]
12 verbose cache add name=undefined spec="cookie-parser@~1.3.4" args=["cookie-parser@~1.3.4",null]
13 verbose parsed url { protocol: null,
13 verbose parsed url   slashes: null,
13 verbose parsed url   auth: null,
13 verbose parsed url   host: null,
13 verbose parsed url   port: null,
13 verbose parsed url   hostname: null,
13 verbose parsed url   hash: null,
13 verbose parsed url   search: null,
13 verbose parsed url   query: null,
13 verbose parsed url   pathname: 'cookie-parser@~1.3.4',
13 verbose parsed url   path: 'cookie-parser@~1.3.4',
13 verbose parsed url   href: 'cookie-parser@~1.3.4' }
14 verbose cache add [ 'debug@~2.1.1', null ]
15 verbose cache add name=undefined spec="debug@~2.1.1" args=["debug@~2.1.1",null]
16 verbose parsed url { protocol: null,
16 verbose parsed url   slashes: null,
16 verbose parsed url   auth: null,
16 verbose parsed url   host: null,
16 verbose parsed url   port: null,
16 verbose parsed url   hostname: null,
16 verbose parsed url   hash: null,
16 verbose parsed url   search: null,
16 verbose parsed url   query: null,
16 verbose parsed url   pathname: 'debug@~2.1.1',
16 verbose parsed url   path: 'debug@~2.1.1',
16 verbose parsed url   href: 'debug@~2.1.1' }
17 verbose cache add [ 'express@~4.12.2', null ]
18 verbose cache add name=undefined spec="express@~4.12.2" args=["express@~4.12.2",null]
19 verbose parsed url { protocol: null,
19 verbose parsed url   slashes: null,
19 verbose parsed url   auth: null,
19 verbose parsed url   host: null,
19 verbose parsed url   port: null,
19 verbose parsed url   hostname: null,
19 verbose parsed url   hash: null,
19 verbose parsed url   search: null,
19 verbose parsed url   query: null,
19 verbose parsed url   pathname: 'express@~4.12.2',
19 verbose parsed url   path: 'express@~4.12.2',
19 verbose parsed url   href: 'express@~4.12.2' }
20 verbose cache add name="body-parser" spec="~1.12.0" args=["body-parser","~1.12.0"]
21 verbose parsed url { protocol: null,
21 verbose parsed url   slashes: null,
21 verbose parsed url   auth: null,
21 verbose parsed url   host: null,
21 verbose parsed url   port: null,
21 verbose parsed url   hostname: null,
21 verbose parsed url   hash: null,
21 verbose parsed url   search: null,
21 verbose parsed url   query: null,
21 verbose parsed url   pathname: '~1.12.0',
21 verbose parsed url   path: '~1.12.0',
21 verbose parsed url   href: '~1.12.0' }
22 verbose addNamed [ 'body-parser', '~1.12.0' ]
23 verbose addNamed [ null, '>=1.12.0-0 <1.13.0-0' ]
24 verbose cache add name="cookie-parser" spec="~1.3.4" args=["cookie-parser","~1.3.4"]
25 verbose parsed url { protocol: null,
25 verbose parsed url   slashes: null,
25 verbose parsed url   auth: null,
25 verbose parsed url   host: null,
25 verbose parsed url   port: null,
25 verbose parsed url   hostname: null,
25 verbose parsed url   hash: null,
25 verbose parsed url   search: null,
25 verbose parsed url   query: null,
25 verbose parsed url   pathname: '~1.3.4',
25 verbose parsed url   path: '~1.3.4',
25 verbose parsed url   href: '~1.3.4' }
26 verbose addNamed [ 'cookie-parser', '~1.3.4' ]
27 verbose addNamed [ null, '>=1.3.4-0 <1.4.0-0' ]
28 verbose cache add name="debug" spec="~2.1.1" args=["debug","~2.1.1"]
29 verbose parsed url { protocol: null,
29 verbose parsed url   slashes: null,
29 verbose parsed url   auth: null,
29 verbose parsed url   host: null,
29 verbose parsed url   port: null,
29 verbose parsed url   hostname: null,
29 verbose parsed url   hash: null,
29 verbose parsed url   search: null,
29 verbose parsed url   query: null,
29 verbose parsed url   pathname: '~2.1.1',
29 verbose parsed url   path: '~2.1.1',
29 verbose parsed url   href: '~2.1.1' }
30 verbose addNamed [ 'debug', '~2.1.1' ]
31 verbose addNamed [ null, '>=2.1.1-0 <2.2.0-0' ]
32 verbose cache add [ 'hjs@~0.0.6', null ]
33 verbose cache add name=undefined spec="hjs@~0.0.6" args=["hjs@~0.0.6",null]
34 verbose parsed url { protocol: null,
34 verbose parsed url   slashes: null,
34 verbose parsed url   auth: null,
34 verbose parsed url   host: null,
34 verbose parsed url   port: null,
34 verbose parsed url   hostname: null,
34 verbose parsed url   hash: null,
34 verbose parsed url   search: null,
34 verbose parsed url   query: null,
34 verbose parsed url   pathname: 'hjs@~0.0.6',
34 verbose parsed url   path: 'hjs@~0.0.6',
34 verbose parsed url   href: 'hjs@~0.0.6' }
35 verbose cache add [ 'less-middleware@1.0.x', null ]
36 verbose cache add name=undefined spec="less-middleware@1.0.x" args=["less-middleware@1.0.x",null]
37 verbose parsed url { protocol: null,
37 verbose parsed url   slashes: null,
37 verbose parsed url   auth: null,
37 verbose parsed url   host: null,
37 verbose parsed url   port: null,
37 verbose parsed url   hostname: null,
37 verbose parsed url   hash: null,
37 verbose parsed url   search: null,
37 verbose parsed url   query: null,
37 verbose parsed url   pathname: 'less-middleware@1.0.x',
37 verbose parsed url   path: 'less-middleware@1.0.x',
37 verbose parsed url   href: 'less-middleware@1.0.x' }
38 verbose cache add [ 'morgan@~1.5.1', null ]
39 verbose cache add name=undefined spec="morgan@~1.5.1" args=["morgan@~1.5.1",null]
40 verbose parsed url { protocol: null,
40 verbose parsed url   slashes: null,
40 verbose parsed url   auth: null,
40 verbose parsed url   host: null,
40 verbose parsed url   port: null,
40 verbose parsed url   hostname: null,
40 verbose parsed url   hash: null,
40 verbose parsed url   search: null,
40 verbose parsed url   query: null,
40 verbose parsed url   pathname: 'morgan@~1.5.1',
40 verbose parsed url   path: 'morgan@~1.5.1',
40 verbose parsed url   href: 'morgan@~1.5.1' }
41 verbose cache add name="express" spec="~4.12.2" args=["express","~4.12.2"]
42 verbose parsed url { protocol: null,
42 verbose parsed url   slashes: null,
42 verbose parsed url   auth: null,
42 verbose parsed url   host: null,
42 verbose parsed url   port: null,
42 verbose parsed url   hostname: null,
42 verbose parsed url   hash: null,
42 verbose parsed url   search: null,
42 verbose parsed url   query: null,
42 verbose parsed url   pathname: '~4.12.2',
42 verbose parsed url   path: '~4.12.2',
42 verbose parsed url   href: '~4.12.2' }
43 verbose addNamed [ 'express', '~4.12.2' ]
44 verbose addNamed [ null, '>=4.12.2-0 <4.13.0-0' ]
45 silly lockFile 6121e062-body-parser-1-12-0 body-parser@~1.12.0
46 verbose lock body-parser@~1.12.0 /Users/dhinesh/.npm/6121e062-body-parser-1-12-0.lock
47 silly lockFile bb69fa92-cookie-parser-1-3-4 cookie-parser@~1.3.4
48 verbose lock cookie-parser@~1.3.4 /Users/dhinesh/.npm/bb69fa92-cookie-parser-1-3-4.lock
49 silly lockFile 09d11068-debug-2-1-1 debug@~2.1.1
50 verbose lock debug@~2.1.1 /Users/dhinesh/.npm/09d11068-debug-2-1-1.lock
51 silly lockFile 702f5120-express-4-12-2 express@~4.12.2
52 verbose lock express@~4.12.2 /Users/dhinesh/.npm/702f5120-express-4-12-2.lock
53 verbose cache add name="hjs" spec="~0.0.6" args=["hjs","~0.0.6"]
54 verbose parsed url { protocol: null,
54 verbose parsed url   slashes: null,
54 verbose parsed url   auth: null,
54 verbose parsed url   host: null,
54 verbose parsed url   port: null,
54 verbose parsed url   hostname: null,
54 verbose parsed url   hash: null,
54 verbose parsed url   search: null,
54 verbose parsed url   query: null,
54 verbose parsed url   pathname: '~0.0.6',
54 verbose parsed url   path: '~0.0.6',
54 verbose parsed url   href: '~0.0.6' }
55 verbose addNamed [ 'hjs', '~0.0.6' ]
56 verbose addNamed [ null, '>=0.0.6-0 <0.1.0-0' ]
57 silly lockFile 74b0b920-hjs-0-0-6 hjs@~0.0.6
58 verbose lock hjs@~0.0.6 /Users/dhinesh/.npm/74b0b920-hjs-0-0-6.lock
59 verbose cache add name="less-middleware" spec="1.0.x" args=["less-middleware","1.0.x"]
60 verbose parsed url { protocol: null,
60 verbose parsed url   slashes: null,
60 verbose parsed url   auth: null,
60 verbose parsed url   host: null,
60 verbose parsed url   port: null,
60 verbose parsed url   hostname: null,
60 verbose parsed url   hash: null,
60 verbose parsed url   search: null,
60 verbose parsed url   query: null,
60 verbose parsed url   pathname: '1.0.x',
60 verbose parsed url   path: '1.0.x',
60 verbose parsed url   href: '1.0.x' }
61 verbose addNamed [ 'less-middleware', '1.0.x' ]
62 verbose addNamed [ null, '>=1.0.0-0 <1.1.0-0' ]
63 silly lockFile 0d23aa7c-less-middleware-1-0-x less-middleware@1.0.x
64 verbose lock less-middleware@1.0.x /Users/dhinesh/.npm/0d23aa7c-less-middleware-1-0-x.lock
65 verbose cache add [ 'serve-favicon@~2.2.0', null ]
66 verbose cache add name=undefined spec="serve-favicon@~2.2.0" args=["serve-favicon@~2.2.0",null]
67 verbose parsed url { protocol: null,
67 verbose parsed url   slashes: null,
67 verbose parsed url   auth: null,
67 verbose parsed url   host: null,
67 verbose parsed url   port: null,
67 verbose parsed url   hostname: null,
67 verbose parsed url   hash: null,
67 verbose parsed url   search: null,
67 verbose parsed url   query: null,
67 verbose parsed url   pathname: 'serve-favicon@~2.2.0',
67 verbose parsed url   path: 'serve-favicon@~2.2.0',
67 verbose parsed url   href: 'serve-favicon@~2.2.0' }
68 verbose cache add name="morgan" spec="~1.5.1" args=["morgan","~1.5.1"]
69 verbose parsed url { protocol: null,
69 verbose parsed url   slashes: null,
69 verbose parsed url   auth: null,
69 verbose parsed url   host: null,
69 verbose parsed url   port: null,
69 verbose parsed url   hostname: null,
69 verbose parsed url   hash: null,
69 verbose parsed url   search: null,
69 verbose parsed url   query: null,
69 verbose parsed url   pathname: '~1.5.1',
69 verbose parsed url   path: '~1.5.1',
69 verbose parsed url   href: '~1.5.1' }
70 verbose addNamed [ 'morgan', '~1.5.1' ]
71 verbose addNamed [ null, '>=1.5.1-0 <1.6.0-0' ]
72 silly lockFile 66ba047d-morgan-1-5-1 morgan@~1.5.1
73 verbose lock morgan@~1.5.1 /Users/dhinesh/.npm/66ba047d-morgan-1-5-1.lock
74 verbose cache add name="serve-favicon" spec="~2.2.0" args=["serve-favicon","~2.2.0"]
75 verbose parsed url { protocol: null,
75 verbose parsed url   slashes: null,
75 verbose parsed url   auth: null,
75 verbose parsed url   host: null,
75 verbose parsed url   port: null,
75 verbose parsed url   hostname: null,
75 verbose parsed url   hash: null,
75 verbose parsed url   search: null,
75 verbose parsed url   query: null,
75 verbose parsed url   pathname: '~2.2.0',
75 verbose parsed url   path: '~2.2.0',
75 verbose parsed url   href: '~2.2.0' }
76 verbose addNamed [ 'serve-favicon', '~2.2.0' ]
77 verbose addNamed [ null, '>=2.2.0-0 <2.3.0-0' ]
78 silly lockFile 9df5bad7-serve-favicon-2-2-0 serve-favicon@~2.2.0
79 verbose lock serve-favicon@~2.2.0 /Users/dhinesh/.npm/9df5bad7-serve-favicon-2-2-0.lock
80 silly addNameRange { name: 'cookie-parser',
80 silly addNameRange   range: '>=1.3.4-0 <1.4.0-0',
80 silly addNameRange   hasData: false }
81 silly addNameRange { name: 'body-parser',
81 silly addNameRange   range: '>=1.12.0-0 <1.13.0-0',
81 silly addNameRange   hasData: false }
82 silly addNameRange { name: 'debug', range: '>=2.1.1-0 <2.2.0-0', hasData: false }
83 silly addNameRange { name: 'express',
83 silly addNameRange   range: '>=4.12.2-0 <4.13.0-0',
83 silly addNameRange   hasData: false }
84 silly addNameRange { name: 'morgan', range: '>=1.5.1-0 <1.6.0-0', hasData: false }
85 silly addNameRange { name: 'less-middleware',
85 silly addNameRange   range: '>=1.0.0-0 <1.1.0-0',
85 silly addNameRange   hasData: false }
86 silly addNameRange { name: 'hjs', range: '>=0.0.6-0 <0.1.0-0', hasData: false }
87 silly addNameRange { name: 'serve-favicon',
87 silly addNameRange   range: '>=2.2.0-0 <2.3.0-0',
87 silly addNameRange   hasData: false }
88 verbose request where is /cookie-parser
89 verbose request registry https://registry.npmjs.org/
90 verbose request id c1aecfaa4629ff92
91 verbose url raw /cookie-parser
92 verbose url resolving [ 'https://registry.npmjs.org/', './cookie-parser' ]
93 verbose url resolved https://registry.npmjs.org/cookie-parser
94 verbose request where is https://registry.npmjs.org/cookie-parser
95 info trying registry request attempt 1 at 23:08:36
96 verbose etag "DAADVU318CKOYXQAHE726R9D0"
97 http GET https://registry.npmjs.org/cookie-parser
98 verbose request where is /body-parser
99 verbose request registry https://registry.npmjs.org/
100 verbose url raw /body-parser
101 verbose url resolving [ 'https://registry.npmjs.org/', './body-parser' ]
102 verbose url resolved https://registry.npmjs.org/body-parser
103 verbose request where is https://registry.npmjs.org/body-parser
104 info trying registry request attempt 1 at 23:08:36
105 verbose etag "F1XJQAAGBFIH6FZQ7GIF6IZ57"
106 http GET https://registry.npmjs.org/body-parser
107 verbose request where is /debug
108 verbose request registry https://registry.npmjs.org/
109 verbose url raw /debug
110 verbose url resolving [ 'https://registry.npmjs.org/', './debug' ]
111 verbose url resolved https://registry.npmjs.org/debug
112 verbose request where is https://registry.npmjs.org/debug
113 info trying registry request attempt 1 at 23:08:36
114 verbose etag "4LL49JVRUHCDPAMP2IQMDYTZN"
115 http GET https://registry.npmjs.org/debug
116 verbose request where is /hjs
117 verbose request registry https://registry.npmjs.org/
118 verbose url raw /hjs
119 verbose url resolving [ 'https://registry.npmjs.org/', './hjs' ]
120 verbose url resolved https://registry.npmjs.org/hjs
121 verbose request where is https://registry.npmjs.org/hjs
122 info trying registry request attempt 1 at 23:08:36
123 verbose etag "6OWZSWO3OZ9GQT4C5OARXL1XJ"
124 http GET https://registry.npmjs.org/hjs
125 verbose request where is /express
126 verbose request registry https://registry.npmjs.org/
127 verbose url raw /express
128 verbose url resolving [ 'https://registry.npmjs.org/', './express' ]
129 verbose url resolved https://registry.npmjs.org/express
130 verbose request where is https://registry.npmjs.org/express
131 info trying registry request attempt 1 at 23:08:36
132 verbose etag "1026GTY3ZQP6VKZAVDA8008PC"
133 http GET https://registry.npmjs.org/express
134 verbose request where is /less-middleware
135 verbose request registry https://registry.npmjs.org/
136 verbose url raw /less-middleware
137 verbose url resolving [ 'https://registry.npmjs.org/', './less-middleware' ]
138 verbose url resolved https://registry.npmjs.org/less-middleware
139 verbose request where is https://registry.npmjs.org/less-middleware
140 info trying registry request attempt 1 at 23:08:36
141 verbose etag "3PUU64ZQECBQLTV86MTXB73GW"
142 http GET https://registry.npmjs.org/less-middleware
143 verbose request where is /morgan
144 verbose request registry https://registry.npmjs.org/
145 verbose url raw /morgan
146 verbose url resolving [ 'https://registry.npmjs.org/', './morgan' ]
147 verbose url resolved https://registry.npmjs.org/morgan
148 verbose request where is https://registry.npmjs.org/morgan
149 info trying registry request attempt 1 at 23:08:36
150 verbose etag "E6G9A26RNFRL1N8TTT8CH1HWR"
151 http GET https://registry.npmjs.org/morgan
152 verbose request where is /serve-favicon
153 verbose request registry https://registry.npmjs.org/
154 verbose url raw /serve-favicon
155 verbose url resolving [ 'https://registry.npmjs.org/', './serve-favicon' ]
156 verbose url resolved https://registry.npmjs.org/serve-favicon
157 verbose request where is https://registry.npmjs.org/serve-favicon
158 info trying registry request attempt 1 at 23:08:36
159 verbose etag "B391C7FZJ954RYQ28NOYGVDW"
160 http GET https://registry.npmjs.org/serve-favicon
161 http 200 https://registry.npmjs.org/hjs
162 silly registry.get cb [ 200,
162 silly registry.get   { date: 'Tue, 17 Mar 2015 03:08:37 GMT',
162 silly registry.get     server: 'CouchDB/1.5.0 (Erlang OTP/R16B03)',
162 silly registry.get     etag: '"5FISQSZZNRQHS6L8JST9TH5U8"',
162 silly registry.get     'content-type': 'application/json',
162 silly registry.get     'cache-control': 'max-age=60',
162 silly registry.get     'content-length': '8342',
162 silly registry.get     'accept-ranges': 'bytes',
162 silly registry.get     via: '1.1 varnish',
162 silly registry.get     age: '0',
162 silly registry.get     'x-served-by': 'cache-dfw1825-DFW',
162 silly registry.get     'x-cache': 'MISS',
162 silly registry.get     'x-cache-hits': '0',
162 silly registry.get     'x-timer': 'S1426561716.937950,VS0,VE63',
162 silly registry.get     vary: 'Accept',
162 silly registry.get     'keep-alive': 'timeout=10, max=50',
162 silly registry.get     connection: 'Keep-Alive' } ]
163 silly addNameRange number 2 { name: 'hjs', range: '>=0.0.6-0 <0.1.0-0', hasData: true }
164 silly addNameRange versions [ 'hjs',
164 silly addNameRange   [ '0.0.1', '0.0.2', '0.0.3', '0.0.4', '0.0.5', '0.0.6' ] ]
165 verbose addNamed [ 'hjs', '0.0.6' ]
166 verbose addNamed [ '0.0.6', '0.0.6' ]
167 silly lockFile 6f7d6a24-hjs-0-0-6 hjs@0.0.6
168 verbose lock hjs@0.0.6 /Users/dhinesh/.npm/6f7d6a24-hjs-0-0-6.lock
169 silly lockFile 6f7d6a24-hjs-0-0-6 hjs@0.0.6
170 silly lockFile 6f7d6a24-hjs-0-0-6 hjs@0.0.6
171 silly lockFile 74b0b920-hjs-0-0-6 hjs@~0.0.6
172 silly lockFile 74b0b920-hjs-0-0-6 hjs@~0.0.6
173 http 200 https://registry.npmjs.org/debug
174 silly registry.get cb [ 200,
174 silly registry.get   { date: 'Tue, 17 Mar 2015 03:08:36 GMT',
174 silly registry.get     server: 'CouchDB/1.5.0 (Erlang OTP/R16B03)',
174 silly registry.get     etag: '"2UHOZ4BD55X5ZOFZWR9ZVFZHF"',
174 silly registry.get     'content-type': 'application/json',
174 silly registry.get     'cache-control': 'max-age=60',
174 silly registry.get     'content-length': '32506',
174 silly registry.get     'accept-ranges': 'bytes',
174 silly registry.get     via: '1.1 varnish',
174 silly registry.get     age: '59',
174 silly registry.get     'x-served-by': 'cache-dfw1827-DFW',
174 silly registry.get     'x-cache': 'HIT',
174 silly registry.get     'x-cache-hits': '1',
174 silly registry.get     'x-timer': 'S1426561716.997941,VS0,VE0',
174 silly registry.get     vary: 'Accept',
174 silly registry.get     'keep-alive': 'timeout=10, max=50',
174 silly registry.get     connection: 'Keep-Alive' } ]
175 silly addNameRange number 2 { name: 'debug', range: '>=2.1.1-0 <2.2.0-0', hasData: true }
176 silly addNameRange versions [ 'debug',
176 silly addNameRange   [ '0.0.1',
176 silly addNameRange     '0.1.0',
176 silly addNameRange     '0.2.0',
176 silly addNameRange     '0.3.0',
176 silly addNameRange     '0.4.0',
176 silly addNameRange     '0.4.1',
176 silly addNameRange     '0.5.0',
176 silly addNameRange     '0.6.0',
176 silly addNameRange     '0.7.0',
176 silly addNameRange     '0.7.1',
176 silly addNameRange     '0.7.2',
176 silly addNameRange     '0.7.3',
176 silly addNameRange     '0.7.4',
176 silly addNameRange     '0.8.0',
176 silly addNameRange     '0.8.1',
176 silly addNameRange     '1.0.0',
176 silly addNameRange     '1.0.1',
176 silly addNameRange     '1.0.2',
176 silly addNameRange     '1.0.3',
176 silly addNameRange     '1.0.4',
176 silly addNameRange     '2.0.0',
176 silly addNameRange     '2.1.0',
176 silly addNameRange     '2.1.1',
176 silly addNameRange     '2.1.2',
176 silly addNameRange     '2.1.3' ] ]
177 verbose addNamed [ 'debug', '2.1.3' ]
178 verbose addNamed [ '2.1.3', '2.1.3' ]
179 silly lockFile aef7a5b5-debug-2-1-3 debug@2.1.3
180 verbose lock debug@2.1.3 /Users/dhinesh/.npm/aef7a5b5-debug-2-1-3.lock
181 silly lockFile 870fad9a--npmjs-org-debug-debug-2-1-3-tgz https://registry.npmjs.org/debug/-/debug-2.1.3.tgz
182 verbose lock https://registry.npmjs.org/debug/-/debug-2.1.3.tgz /Users/dhinesh/.npm/870fad9a--npmjs-org-debug-debug-2-1-3-tgz.lock
183 verbose addRemoteTarball [ 'https://registry.npmjs.org/debug/-/debug-2.1.3.tgz',
183 verbose addRemoteTarball   'ce8ab1b5ee8fbee2bfa3b633cab93d366b63418e' ]
184 info retry fetch attempt 1 at 23:08:37
185 verbose fetch to= /var/folders/84/ym5kp4ld6bx1yzdwcw23xq6c0000gn/T/npm-8540-SpsUi0LC/registry.npmjs.org/debug/-/debug-2.1.3.tgz
186 http GET https://registry.npmjs.org/debug/-/debug-2.1.3.tgz
187 http 200 https://registry.npmjs.org/body-parser
188 silly registry.get cb [ 200,
188 silly registry.get   { date: 'Tue, 17 Mar 2015 03:08:36 GMT',
188 silly registry.get     server: 'CouchDB/1.6.1 (Erlang OTP/R14B04)',
188 silly registry.get     etag: '"BGP6Q2D0HSTZPOOSHN0V11D5L"',
188 silly registry.get     'content-type': 'application/json',
188 silly registry.get     'cache-control': 'max-age=60',
188 silly registry.get     'content-length': '88608',
188 silly registry.get     'accept-ranges': 'bytes',
188 silly registry.get     via: '1.1 varnish',
188 silly registry.get     age: '48',
188 silly registry.get     'x-served-by': 'cache-dfw1822-DFW',
188 silly registry.get     'x-cache': 'HIT',
188 silly registry.get     'x-cache-hits': '2',
188 silly registry.get     'x-timer': 'S1426561716.938351,VS0,VE0',
188 silly registry.get     vary: 'Accept',
188 silly registry.get     'keep-alive': 'timeout=10, max=50',
188 silly registry.get     connection: 'Keep-Alive' } ]
189 silly addNameRange number 2 { name: 'body-parser',
189 silly addNameRange   range: '>=1.12.0-0 <1.13.0-0',
189 silly addNameRange   hasData: true }
190 silly addNameRange versions [ 'body-parser',
190 silly addNameRange   [ '1.0.0',
190 silly addNameRange     '1.0.1',
190 silly addNameRange     '1.0.2',
190 silly addNameRange     '1.1.0',
190 silly addNameRange     '1.1.1',
190 silly addNameRange     '1.1.2',
190 silly addNameRange     '1.2.0',
190 silly addNameRange     '1.2.1',
190 silly addNameRange     '1.2.2',
190 silly addNameRange     '1.3.0',
190 silly addNameRange     '1.3.1',
190 silly addNameRange     '1.4.0',
190 silly addNameRange     '1.4.1',
190 silly addNameRange     '1.4.2',
190 silly addNameRange     '1.4.3',
190 silly addNameRange     '1.5.0',
190 silly addNameRange     '1.5.1',
190 silly addNameRange     '1.5.2',
190 silly addNameRange     '1.6.0',
190 silly addNameRange     '1.6.1',
190 silly addNameRange     '1.6.2',
190 silly addNameRange     '1.6.3',
190 silly addNameRange     '1.6.4',
190 silly addNameRange     '1.6.5',
190 silly addNameRange     '1.6.6',
190 silly addNameRange     '1.6.7',
190 silly addNameRange     '1.7.0',
190 silly addNameRange     '1.8.0',
190 silly addNameRange     '1.8.1',
190 silly addNameRange     '1.8.2',
190 silly addNameRange     '1.8.3',
190 silly addNameRange     '1.8.4',
190 silly addNameRange     '1.9.0',
190 silly addNameRange     '1.9.1',
190 silly addNameRange     '1.9.2',
190 silly addNameRange     '1.9.3',
190 silly addNameRange     '1.10.0',
190 silly addNameRange     '1.10.1',
190 silly addNameRange     '1.10.2',
190 silly addNameRange     '1.11.0',
190 silly addNameRange     '1.12.0',
190 silly addNameRange     '1.12.1' ] ]
191 verbose addNamed [ 'body-parser', '1.12.1' ]
192 verbose addNamed [ '1.12.1', '1.12.1' ]
193 silly lockFile 5949a887-body-parser-1-12-1 body-parser@1.12.1
194 verbose lock body-parser@1.12.1 /Users/dhinesh/.npm/5949a887-body-parser-1-12-1.lock
195 http 200 https://registry.npmjs.org/cookie-parser
196 silly registry.get cb [ 200,
196 silly registry.get   { date: 'Tue, 17 Mar 2015 03:08:37 GMT',
196 silly registry.get     server: 'CouchDB/1.5.0 (Erlang OTP/R16B03)',
196 silly registry.get     etag: '"43K4BW1ZPZHE5RSPQY866XLDA"',
196 silly registry.get     'content-type': 'application/json',
196 silly registry.get     'cache-control': 'max-age=60',
196 silly registry.get     'content-length': '15505',
196 silly registry.get     'accept-ranges': 'bytes',
196 silly registry.get     via: '1.1 varnish',
196 silly registry.get     age: '0',
196 silly registry.get     'x-served-by': 'cache-dfw1826-DFW',
196 silly registry.get     'x-cache': 'HIT',
196 silly registry.get     'x-cache-hits': '1',
196 silly registry.get     'x-timer': 'S1426561717.004638,VS0,VE63',
196 silly registry.get     vary: 'Accept',
196 silly registry.get     'keep-alive': 'timeout=10, max=50',
196 silly registry.get     connection: 'Keep-Alive' } ]
197 silly lockFile fdca81f6-dy-parser-body-parser-1-12-1-tgz https://registry.npmjs.org/body-parser/-/body-parser-1.12.1.tgz
198 verbose lock https://registry.npmjs.org/body-parser/-/body-parser-1.12.1.tgz /Users/dhinesh/.npm/fdca81f6-dy-parser-body-parser-1-12-1-tgz.lock
199 verbose addRemoteTarball [ 'https://registry.npmjs.org/body-parser/-/body-parser-1.12.1.tgz',
199 verbose addRemoteTarball   '4b9b4c67e8eb5ccac7c9eef3fbd6694e721ae002' ]
200 silly addNameRange number 2 { name: 'cookie-parser',
200 silly addNameRange   range: '>=1.3.4-0 <1.4.0-0',
200 silly addNameRange   hasData: true }
201 silly addNameRange versions [ 'cookie-parser',
201 silly addNameRange   [ '1.0.0',
201 silly addNameRange     '1.0.1',
201 silly addNameRange     '1.1.0',
201 silly addNameRange     '1.2.0',
201 silly addNameRange     '1.3.0',
201 silly addNameRange     '1.3.1',
201 silly addNameRange     '1.3.2',
201 silly addNameRange     '1.3.3',
201 silly addNameRange     '1.3.4' ] ]
202 verbose addNamed [ 'cookie-parser', '1.3.4' ]
203 verbose addNamed [ '1.3.4', '1.3.4' ]
204 silly lockFile db8a9715-cookie-parser-1-3-4 cookie-parser@1.3.4
205 verbose lock cookie-parser@1.3.4 /Users/dhinesh/.npm/db8a9715-cookie-parser-1-3-4.lock
206 info retry fetch attempt 1 at 23:08:37
207 verbose fetch to= /var/folders/84/ym5kp4ld6bx1yzdwcw23xq6c0000gn/T/npm-8540-SpsUi0LC/registry.npmjs.org/body-parser/-/body-parser-1.12.1.tgz
208 http GET https://registry.npmjs.org/body-parser/-/body-parser-1.12.1.tgz
209 silly lockFile db8a9715-cookie-parser-1-3-4 cookie-parser@1.3.4
210 silly lockFile db8a9715-cookie-parser-1-3-4 cookie-parser@1.3.4
211 silly lockFile bb69fa92-cookie-parser-1-3-4 cookie-parser@~1.3.4
212 silly lockFile bb69fa92-cookie-parser-1-3-4 cookie-parser@~1.3.4
213 http 200 https://registry.npmjs.org/morgan
214 silly registry.get cb [ 200,
214 silly registry.get   { date: 'Tue, 17 Mar 2015 03:08:37 GMT',
214 silly registry.get     server: 'CouchDB/1.5.0 (Erlang OTP/R16B03)',
214 silly registry.get     etag: '"2T97VKIQ0CQHS3WA3PH0BX0Z9"',
214 silly registry.get     'content-type': 'application/json',
214 silly registry.get     'cache-control': 'max-age=60',
214 silly registry.get     'content-length': '34457',
214 silly registry.get     'accept-ranges': 'bytes',
214 silly registry.get     via: '1.1 varnish',
214 silly registry.get     age: '48',
214 silly registry.get     'x-served-by': 'cache-dfw1827-DFW',
214 silly registry.get     'x-cache': 'HIT',
214 silly registry.get     'x-cache-hits': '1',
214 silly registry.get     'x-timer': 'S1426561717.124886,VS0,VE0',
214 silly registry.get     vary: 'Accept',
214 silly registry.get     'keep-alive': 'timeout=10, max=49',
214 silly registry.get     connection: 'Keep-Alive' } ]
215 silly addNameRange number 2 { name: 'morgan', range: '>=1.5.1-0 <1.6.0-0', hasData: true }
216 silly addNameRange versions [ 'morgan',
216 silly addNameRange   [ '1.0.0',
216 silly addNameRange     '1.0.1',
216 silly addNameRange     '1.1.0',
216 silly addNameRange     '1.1.1',
216 silly addNameRange     '1.2.0',
216 silly addNameRange     '1.2.1',
216 silly addNameRange     '1.2.2',
216 silly addNameRange     '1.2.3',
216 silly addNameRange     '1.3.0',
216 silly addNameRange     '1.3.1',
216 silly addNameRange     '1.3.2',
216 silly addNameRange     '1.4.0',
216 silly addNameRange     '1.4.1',
216 silly addNameRange     '1.5.0',
216 silly addNameRange     '1.5.1',
216 silly addNameRange     '1.5.2' ] ]
217 verbose addNamed [ 'morgan', '1.5.2' ]
218 verbose addNamed [ '1.5.2', '1.5.2' ]
219 silly lockFile 04d2cfbf-morgan-1-5-2 morgan@1.5.2
220 verbose lock morgan@1.5.2 /Users/dhinesh/.npm/04d2cfbf-morgan-1-5-2.lock
221 silly lockFile 6d25fd37-pmjs-org-morgan-morgan-1-5-2-tgz https://registry.npmjs.org/morgan/-/morgan-1.5.2.tgz
222 verbose lock https://registry.npmjs.org/morgan/-/morgan-1.5.2.tgz /Users/dhinesh/.npm/6d25fd37-pmjs-org-morgan-morgan-1-5-2-tgz.lock
223 verbose addRemoteTarball [ 'https://registry.npmjs.org/morgan/-/morgan-1.5.2.tgz',
223 verbose addRemoteTarball   '34c1a0e7c2d5ad3ed78f0ef3257b8ac7c35d7cff' ]
224 info retry fetch attempt 1 at 23:08:37
225 verbose fetch to= /var/folders/84/ym5kp4ld6bx1yzdwcw23xq6c0000gn/T/npm-8540-SpsUi0LC/registry.npmjs.org/morgan/-/morgan-1.5.2.tgz
226 http GET https://registry.npmjs.org/morgan/-/morgan-1.5.2.tgz
227 http 200 https://registry.npmjs.org/debug/-/debug-2.1.3.tgz
228 silly lockFile 870fad9a--npmjs-org-debug-debug-2-1-3-tgz https://registry.npmjs.org/debug/-/debug-2.1.3.tgz
229 silly lockFile 870fad9a--npmjs-org-debug-debug-2-1-3-tgz https://registry.npmjs.org/debug/-/debug-2.1.3.tgz
230 silly lockFile aef7a5b5-debug-2-1-3 debug@2.1.3
231 silly lockFile aef7a5b5-debug-2-1-3 debug@2.1.3
232 silly lockFile 09d11068-debug-2-1-1 debug@~2.1.1
233 silly lockFile 09d11068-debug-2-1-1 debug@~2.1.1
234 http 200 https://registry.npmjs.org/less-middleware
235 silly registry.get cb [ 200,
235 silly registry.get   { date: 'Tue, 17 Mar 2015 03:08:37 GMT',
235 silly registry.get     server: 'CouchDB/1.5.0 (Erlang OTP/R16B03)',
235 silly registry.get     etag: '"2X2F6IBKUH2KL5P3PPWOLPAHF"',
235 silly registry.get     'content-type': 'application/json',
235 silly registry.get     'cache-control': 'max-age=60',
235 silly registry.get     'content-length': '33870',
235 silly registry.get     'accept-ranges': 'bytes',
235 silly registry.get     via: '1.1 varnish',
235 silly registry.get     age: '0',
235 silly registry.get     'x-served-by': 'cache-dfw1825-DFW',
235 silly registry.get     'x-cache': 'HIT',
235 silly registry.get     'x-cache-hits': '1',
235 silly registry.get     'x-timer': 'S1426561717.068426,VS0,VE259',
235 silly registry.get     vary: 'Accept',
235 silly registry.get     'keep-alive': 'timeout=10, max=49',
235 silly registry.get     connection: 'Keep-Alive' } ]
236 silly addNameRange number 2 { name: 'less-middleware',
236 silly addNameRange   range: '>=1.0.0-0 <1.1.0-0',
236 silly addNameRange   hasData: true }
237 silly addNameRange versions [ 'less-middleware',
237 silly addNameRange   [ '0.0.0',
237 silly addNameRange     '0.1.0',
237 silly addNameRange     '0.1.1',
237 silly addNameRange     '0.1.2',
237 silly addNameRange     '0.1.3',
237 silly addNameRange     '0.1.4',
237 silly addNameRange     '0.1.5',
237 silly addNameRange     '0.1.6',
237 silly addNameRange     '0.1.7',
237 silly addNameRange     '0.1.8',
237 silly addNameRange     '0.1.9',
237 silly addNameRange     '0.1.10',
237 silly addNameRange     '0.1.11',
237 silly addNameRange     '0.1.12',
237 silly addNameRange     '0.1.13',
237 silly addNameRange     '0.1.14',
237 silly addNameRange     '0.1.15',
237 silly addNameRange     '0.2.0-beta',
237 silly addNameRange     '0.2.1-beta',
237 silly addNameRange     '1.0.0-beta',
237 silly addNameRange     '1.0.1-beta',
237 silly addNameRange     '1.0.2',
237 silly addNameRange     '1.0.3',
237 silly addNameRange     '1.0.4',
237 silly addNameRange     '2.0.0',
237 silly addNameRange     '2.0.1' ] ]
238 verbose addNamed [ 'less-middleware', '1.0.4' ]
239 verbose addNamed [ '1.0.4', '1.0.4' ]
240 silly lockFile 5a919b5c-less-middleware-1-0-4 less-middleware@1.0.4
241 verbose lock less-middleware@1.0.4 /Users/dhinesh/.npm/5a919b5c-less-middleware-1-0-4.lock
242 silly lockFile 5a919b5c-less-middleware-1-0-4 less-middleware@1.0.4
243 silly lockFile 5a919b5c-less-middleware-1-0-4 less-middleware@1.0.4
244 silly lockFile 0d23aa7c-less-middleware-1-0-x less-middleware@1.0.x
245 silly lockFile 0d23aa7c-less-middleware-1-0-x less-middleware@1.0.x
246 http 200 https://registry.npmjs.org/body-parser/-/body-parser-1.12.1.tgz
247 http 200 https://registry.npmjs.org/morgan/-/morgan-1.5.2.tgz
248 silly lockFile 6d25fd37-pmjs-org-morgan-morgan-1-5-2-tgz https://registry.npmjs.org/morgan/-/morgan-1.5.2.tgz
249 silly lockFile 6d25fd37-pmjs-org-morgan-morgan-1-5-2-tgz https://registry.npmjs.org/morgan/-/morgan-1.5.2.tgz
250 silly lockFile fdca81f6-dy-parser-body-parser-1-12-1-tgz https://registry.npmjs.org/body-parser/-/body-parser-1.12.1.tgz
251 silly lockFile fdca81f6-dy-parser-body-parser-1-12-1-tgz https://registry.npmjs.org/body-parser/-/body-parser-1.12.1.tgz
252 silly lockFile 5949a887-body-parser-1-12-1 body-parser@1.12.1
253 silly lockFile 5949a887-body-parser-1-12-1 body-parser@1.12.1
254 silly lockFile 04d2cfbf-morgan-1-5-2 morgan@1.5.2
255 silly lockFile 04d2cfbf-morgan-1-5-2 morgan@1.5.2
256 silly lockFile 6121e062-body-parser-1-12-0 body-parser@~1.12.0
257 silly lockFile 6121e062-body-parser-1-12-0 body-parser@~1.12.0
258 silly lockFile 66ba047d-morgan-1-5-1 morgan@~1.5.1
259 silly lockFile 66ba047d-morgan-1-5-1 morgan@~1.5.1
260 http 200 https://registry.npmjs.org/serve-favicon
261 silly registry.get cb [ 200,
261 silly registry.get   { date: 'Tue, 17 Mar 2015 03:08:37 GMT',
261 silly registry.get     server: 'CouchDB/1.5.0 (Erlang OTP/R16B03)',
261 silly registry.get     etag: '"E5BSLOF3LLVN5Z1U3UXYTQLI9"',
261 silly registry.get     'content-type': 'application/json',
261 silly registry.get     'cache-control': 'max-age=60',
261 silly registry.get     'content-length': '20049',
261 silly registry.get     'accept-ranges': 'bytes',
261 silly registry.get     via: '1.1 varnish',
261 silly registry.get     age: '0',
261 silly registry.get     'x-served-by': 'cache-dfw1822-DFW',
261 silly registry.get     'x-cache': 'HIT',
261 silly registry.get     'x-cache-hits': '1',
261 silly registry.get     'x-timer': 'S1426561717.198671,VS0,VE258',
261 silly registry.get     vary: 'Accept',
261 silly registry.get     'keep-alive': 'timeout=10, max=49',
261 silly registry.get     connection: 'Keep-Alive' } ]
262 silly addNameRange number 2 { name: 'serve-favicon',
262 silly addNameRange   range: '>=2.2.0-0 <2.3.0-0',
262 silly addNameRange   hasData: true }
263 silly addNameRange versions [ 'serve-favicon',
263 silly addNameRange   [ '2.0.0',
263 silly addNameRange     '2.0.1',
263 silly addNameRange     '2.1.0',
263 silly addNameRange     '2.1.1',
263 silly addNameRange     '2.1.2',
263 silly addNameRange     '2.1.3',
263 silly addNameRange     '2.1.4',
263 silly addNameRange     '2.1.5',
263 silly addNameRange     '2.1.6',
263 silly addNameRange     '2.1.7',
263 silly addNameRange     '2.2.0' ] ]
264 verbose addNamed [ 'serve-favicon', '2.2.0' ]
265 verbose addNamed [ '2.2.0', '2.2.0' ]
266 silly lockFile cef81d7c-serve-favicon-2-2-0 serve-favicon@2.2.0
267 verbose lock serve-favicon@2.2.0 /Users/dhinesh/.npm/cef81d7c-serve-favicon-2-2-0.lock
268 silly lockFile cef81d7c-serve-favicon-2-2-0 serve-favicon@2.2.0
269 silly lockFile cef81d7c-serve-favicon-2-2-0 serve-favicon@2.2.0
270 silly lockFile 9df5bad7-serve-favicon-2-2-0 serve-favicon@~2.2.0
271 silly lockFile 9df5bad7-serve-favicon-2-2-0 serve-favicon@~2.2.0
272 http 200 https://registry.npmjs.org/express
273 silly registry.get cb [ 200,
273 silly registry.get   { date: 'Tue, 17 Mar 2015 03:08:37 GMT',
273 silly registry.get     server: 'CouchDB/1.5.0 (Erlang OTP/R16B03)',
273 silly registry.get     etag: '"CY0F8NNXPTZBA3JAUX5Q5WT8Q"',
273 silly registry.get     'content-type': 'application/json',
273 silly registry.get     'cache-control': 'max-age=60',
273 silly registry.get     'content-length': '485469',
273 silly registry.get     'accept-ranges': 'bytes',
273 silly registry.get     via: '1.1 varnish',
273 silly registry.get     age: '52',
273 silly registry.get     'x-served-by': 'cache-dfw1832-DFW',
273 silly registry.get     'x-cache': 'HIT',
273 silly registry.get     'x-cache-hits': '2',
273 silly registry.get     'x-timer': 'S1426561717.007420,VS0,VE0',
273 silly registry.get     vary: 'Accept',
273 silly registry.get     'keep-alive': 'timeout=10, max=50',
273 silly registry.get     connection: 'Keep-Alive' } ]
274 silly addNameRange number 2 { name: 'express', range: '>=4.12.2-0 <4.13.0-0', hasData: true }
275 silly addNameRange versions [ 'express',
275 silly addNameRange   [ '0.14.0',
275 silly addNameRange     '0.14.1',
275 silly addNameRange     '1.0.0',
275 silly addNameRange     '1.0.1',
275 silly addNameRange     '1.0.2',
275 silly addNameRange     '1.0.3',
275 silly addNameRange     '1.0.4',
275 silly addNameRange     '1.0.5',
275 silly addNameRange     '1.0.6',
275 silly addNameRange     '1.0.7',
275 silly addNameRange     '1.0.8',
275 silly addNameRange     '2.0.0',
275 silly addNameRange     '2.1.0',
275 silly addNameRange     '2.1.1',
275 silly addNameRange     '2.2.0',
275 silly addNameRange     '2.2.1',
275 silly addNameRange     '2.2.2',
275 silly addNameRange     '2.3.0',
275 silly addNameRange     '2.3.1',
275 silly addNameRange     '2.3.2',
275 silly addNameRange     '2.3.3',
275 silly addNameRange     '2.3.4',
275 silly addNameRange     '2.3.5',
275 silly addNameRange     '2.3.6',
275 silly addNameRange     '2.3.7',
275 silly addNameRange     '2.3.8',
275 silly addNameRange     '2.3.9',
275 silly addNameRange     '2.3.10',
275 silly addNameRange     '2.3.11',
275 silly addNameRange     '2.3.12',
275 silly addNameRange     '2.4.0',
275 silly addNameRange     '2.4.1',
275 silly addNameRange     '2.4.2',
275 silly addNameRange     '2.4.3',
275 silly addNameRange     '2.4.4',
275 silly addNameRange     '2.4.5',
275 silly addNameRange     '2.4.6',
275 silly addNameRange     '2.4.7',
275 silly addNameRange     '2.5.0',
275 silly addNameRange     '2.5.1',
275 silly addNameRange     '2.5.2',
275 silly addNameRange     '2.5.3',
275 silly addNameRange     '2.5.4',
275 silly addNameRange     '2.5.5',
275 silly addNameRange     '2.5.6',
275 silly addNameRange     '2.5.7',
275 silly addNameRange     '2.5.8',
275 silly addNameRange     '2.5.9',
275 silly addNameRange     '2.5.10',
275 silly addNameRange     '2.5.11',
275 silly addNameRange     '3.0.0',
275 silly addNameRange     '3.0.1',
275 silly addNameRange     '3.0.2',
275 silly addNameRange     '3.0.3',
275 silly addNameRange     '3.0.4',
275 silly addNameRange     '3.0.5',
275 silly addNameRange     '3.0.6',
275 silly addNameRange     '3.1.0',
275 silly addNameRange     '3.1.1',
275 silly addNameRange     '3.1.2',
275 silly addNameRange     '3.2.0',
275 silly addNameRange     '3.2.1',
275 silly addNameRange     '3.2.2',
275 silly addNameRange     '3.2.3',
275 silly addNameRange     '3.2.4',
275 silly addNameRange     '3.2.5',
275 silly addNameRange     '3.2.6',
275 silly addNameRange     '3.3.0',
275 silly addNameRange     '3.3.1',
275 silly addNameRange     '3.3.2',
275 silly addNameRange     '3.3.3',
275 silly addNameRange     '3.3.4',
275 silly addNameRange     '3.3.5',
275 silly addNameRange     '3.3.6',
275 silly addNameRange     '1.0.0-beta',
275 silly addNameRange     '1.0.0-beta2',
275 silly addNameRange     '1.0.0-rc',
275 silly addNameRange     '1.0.0-rc2',
275 silly addNameRange     '1.0.0-rc3',
275 silly addNameRange     '1.0.0-rc4',
275 silly addNameRange     '2.0.0-beta',
275 silly addNameRange     '2.0.0-beta2',
275 silly addNameRange     '2.0.0-beta3',
275 silly addNameRange     '2.0.0-rc',
275 silly addNameRange     '2.0.0-rc2',
275 silly addNameRange     '2.0.0-rc3',
275 silly addNameRange     '3.0.0-alpha1',
275 silly addNameRange     '3.0.0-alpha2',
275 silly addNameRange     '3.0.0-alpha3',
275 silly addNameRange     '3.0.0-alpha4',
275 silly addNameRange     '3.0.0-alpha5',
275 silly addNameRange     '3.0.0-beta1',
275 silly addNameRange     '3.0.0-beta2',
275 silly addNameRange     '3.0.0-beta3',
275 silly addNameRange     '3.0.0-beta4',
275 silly addNameRange     '3.0.0-beta6',
275 silly addNameRange     '3.0.0-beta7',
275 silly addNameRange     '3.0.0-rc1',
275 silly addNameRange     '3.0.0-rc2',
275 silly addNameRange     '3.0.0-rc3',
275 silly addNameRange     '3.0.0-rc4',
275 silly addNameRange     '3.0.0-rc5',
275 silly addNameRange     '3.3.7',
275 silly addNameRange     '3.3.8',
275 silly addNameRange     '3.4.0',
275 silly addNameRange     '3.4.1',
275 silly addNameRange     '3.4.2',
275 silly addNameRange     '3.4.3',
275 silly addNameRange     '3.4.4',
275 silly addNameRange     '3.4.5',
275 silly addNameRange     '3.4.6',
275 silly addNameRange     '3.4.7',
275 silly addNameRange     '3.4.8',
275 silly addNameRange     '4.0.0-rc1',
275 silly addNameRange     '4.0.0-rc2',
275 silly addNameRange     '3.5.0',
275 silly addNameRange     '4.0.0-rc3',
275 silly addNameRange     '4.0.0-rc4',
275 silly addNameRange     '3.5.1',
275 silly addNameRange     '4.0.0',
275 silly addNameRange     '3.5.2',
275 silly addNameRange     '4.1.0',
275 silly addNameRange     '4.1.1',
275 silly addNameRange     '3.5.3',
275 silly addNameRange     '4.1.2',
275 silly addNameRange     '3.6.0',
275 silly addNameRange     '4.2.0',
275 silly addNameRange     '3.7.0',
275 silly addNameRange     '3.8.0',
275 silly addNameRange     '4.3.0',
275 silly addNameRange     '4.3.1',
275 silly addNameRange     '3.8.1',
275 silly addNameRange     '4.3.2',
275 silly addNameRange     '3.9.0',
275 silly addNameRange     '4.4.0',
275 silly addNameRange     '4.4.1',
275 silly addNameRange     '3.10.0',
275 silly addNameRange     '3.10.1',
275 silly addNameRange     '3.10.2',
275 silly addNameRange     '3.10.3',
275 silly addNameRange     '3.10.4',
275 silly addNameRange     '4.4.2',
275 silly addNameRange     '3.10.5',
275 silly addNameRange     '4.4.3',
275 silly addNameRange     '3.11.0',
275 silly addNameRange     '4.4.4',
275 silly addNameRange     '3.12.0',
275 silly addNameRange     '3.12.1',
275 silly addNameRange     '4.4.5',
275 silly addNameRange     '3.13.0',
275 silly addNameRange     '4.5.0',
275 silly addNameRange     '4.5.1',
275 silly addNameRange     '3.14.0',
275 silly addNameRange     '4.6.0',
275 silly addNameRange     '4.6.1',
275 silly addNameRange     '3.15.0',
275 silly addNameRange     '4.7.0',
275 silly addNameRange     '3.15.1',
275 silly addNameRange     '4.7.1',
275 silly addNameRange     '3.15.2',
275 silly addNameRange     '4.7.2',
275 silly addNameRange     '4.7.3',
275 silly addNameRange     '3.15.3',
275 silly addNameRange     '4.7.4',
275 silly addNameRange     '3.16.0',
275 silly addNameRange     '4.8.0',
275 silly addNameRange     '3.16.1',
275 silly addNameRange     '4.8.1',
275 silly addNameRange     '3.16.2',
275 silly addNameRange     '4.8.2',
275 silly addNameRange     '3.16.3',
275 silly addNameRange     '3.16.4',
275 silly addNameRange     '4.8.3',
275 silly addNameRange     '3.16.5',
275 silly addNameRange     '3.16.6',
275 silly addNameRange     '4.8.4',
275 silly addNameRange     '3.16.7',
275 silly addNameRange     '4.8.5',
275 silly addNameRange     '3.16.8',
275 silly addNameRange     '4.8.6',
275 silly addNameRange     '3.16.9',
275 silly addNameRange     '4.8.7',
275 silly addNameRange     '3.16.10',
275 silly addNameRange     '4.8.8',
275 silly addNameRange     '3.17.0',
275 silly addNameRange     '3.17.1',
275 silly addNameRange     '4.9.0',
275 silly addNameRange     '3.17.2',
275 silly addNameRange     '4.9.1',
275 silly addNameRange     '4.9.2',
275 silly addNameRange     '3.17.3',
275 silly addNameRange     '4.9.3',
275 silly addNameRange     '3.17.4',
275 silly addNameRange     '4.9.4',
275 silly addNameRange     '3.17.5',
275 silly addNameRange     '4.9.5',
275 silly addNameRange     '3.17.6',
275 silly addNameRange     '3.17.7',
275 silly addNameRange     '4.9.6',
275 silly addNameRange     '4.9.7',
275 silly addNameRange     '3.17.8',
275 silly addNameRange     '4.9.8',
275 silly addNameRange     '3.18.0',
275 silly addNameRange     '3.18.1',
275 silly addNameRange     '4.10.0',
275 silly addNameRange     '3.18.2',
275 silly addNameRange     '4.10.1',
275 silly addNameRange     '5.0.0-alpha.1',
275 silly addNameRange     '3.18.3',
275 silly addNameRange     '4.10.2',
275 silly addNameRange     '3.18.4',
275 silly addNameRange     '4.10.3',
275 silly addNameRange     '4.10.4',
275 silly addNameRange     '4.10.5',
275 silly addNameRange     '3.18.5',
275 silly addNameRange     '3.18.6',
275 silly addNameRange     '4.10.6',
275 silly addNameRange     '4.10.7',
275 silly addNameRange     '3.19.0',
275 silly addNameRange     '4.10.8',
275 silly addNameRange     '4.11.0',
275 silly addNameRange     '3.19.1',
275 silly addNameRange     '4.11.1',
275 silly addNameRange     '3.19.2',
275 silly addNameRange     '4.11.2',
275 silly addNameRange     '3.20.0',
275 silly addNameRange     '4.12.0',
275 silly addNameRange     '3.20.1',
275 silly addNameRange     '4.12.1',
275 silly addNameRange     '4.12.2' ] ]
276 verbose addNamed [ 'express', '4.12.2' ]
277 verbose addNamed [ '4.12.2', '4.12.2' ]
278 silly lockFile a2d0019d-express-4-12-2 express@4.12.2
279 verbose lock express@4.12.2 /Users/dhinesh/.npm/a2d0019d-express-4-12-2.lock
280 silly lockFile a2d0019d-express-4-12-2 express@4.12.2
281 silly lockFile a2d0019d-express-4-12-2 express@4.12.2
282 silly lockFile 702f5120-express-4-12-2 express@~4.12.2
283 silly lockFile 702f5120-express-4-12-2 express@~4.12.2
284 error Error: EACCES, mkdir '/Users/dhinesh/.npm/debug/2.1.3'
284 error  { [Error: EACCES, mkdir '/Users/dhinesh/.npm/debug/2.1.3']
284 error   errno: 3,
284 error   code: 'EACCES',
284 error   path: '/Users/dhinesh/.npm/debug/2.1.3',
284 error   parent: 'youspan' }
285 error Please try running this command again as root/Administrator.
286 error System Darwin 14.1.0
287 error command "node" "/usr/local/bin/npm" "install"
288 error cwd /Users/dhinesh/Dropbox/UB/dev/nodejs/youspan
289 error node -v v0.10.33
290 error npm -v 1.4.28
291 error path /Users/dhinesh/.npm/debug/2.1.3
292 error code EACCES
293 error errno 3
294 error stack Error: EACCES, mkdir '/Users/dhinesh/.npm/debug/2.1.3'
295 verbose exit [ 3, true ]
